2025-10-22 20:31:14,358 - __main__ - INFO - ✅ Caché en memoria inicializado
2025-10-22 20:31:14,359 - __main__ - INFO - Cargando datos desde C:\Users\Usuario\Documents\proyecto_grdo_v2\data\processed_covid.csv.gz...
2025-10-22 20:31:15,063 - __main__ - INFO - Precomputando métricas...
2025-10-22 20:31:15,147 - __main__ - INFO - ✅ Métricas (global, map) precomputadas
2025-10-22 20:31:15,151 - __main__ - INFO - ✅ Datos cargados: 322,339 registros
2025-10-22 20:31:15,229 - __main__ - INFO - ======================================================================
2025-10-22 20:31:15,229 - __main__ - INFO - 🚀 Iniciando COVID-19 Data API (Countries) v5.1.0 (development)
2025-10-22 20:31:15,231 - __main__ - INFO - ======================================================================
2025-10-22 20:31:15,231 - __main__ - INFO - ✅ Datos: 322,339 registros | 234 países | Rango: 2020-01-01 a 2023-10-24
2025-10-22 20:31:15,231 - __main__ - INFO - 💾 Memoria: 51.74 MB | ⚡ Cache: memory | 🔑 Auth: Disabled (dev)
2025-10-22 20:31:15,232 - __main__ - INFO - ======================================================================
2025-10-22 20:46:11,162 - __main__ - INFO - 🛑 Deteniendo API...
2025-10-22 20:47:03,785 - __main__ - INFO - ✅ Caché en memoria inicializado
2025-10-22 20:47:03,787 - __main__ - INFO - Cargando datos desde C:\Users\Usuario\Documents\proyecto_grdo_v2\data\processed_covid.csv.gz...
2025-10-22 20:47:04,498 - __main__ - INFO - Precomputando métricas...
2025-10-22 20:47:04,575 - __main__ - INFO - ✅ Métricas (global, map) precomputadas
2025-10-22 20:47:04,580 - __main__ - INFO - ✅ Datos cargados: 322,339 registros
2025-10-22 20:47:04,680 - __main__ - INFO - ======================================================================
2025-10-22 20:47:04,681 - __main__ - INFO - 🚀 Iniciando COVID-19 Data API (Countries) v5.1.0 (development)
2025-10-22 20:47:04,681 - __main__ - INFO - ======================================================================
2025-10-22 20:47:04,682 - __main__ - INFO - ✅ Datos: 322,339 registros | 234 países | Rango: 2020-01-01 a 2023-10-24
2025-10-22 20:47:04,682 - __main__ - INFO - 💾 Memoria: 51.74 MB | ⚡ Cache: memory | 🔑 Auth: Disabled (dev)
2025-10-22 20:47:04,682 - __main__ - INFO - ======================================================================
2025-10-22 21:13:22,958 - __main__ - INFO - 🛑 Deteniendo API...
2025-10-22 21:14:32,330 - __main__ - INFO - ✅ Caché en memoria inicializado
2025-10-22 21:14:32,330 - __main__ - INFO - Cargando datos desde C:\Users\Usuario\Documents\proyecto_grdo_v2\data\processed_covid.csv.gz...
2025-10-22 21:14:32,977 - __main__ - INFO - Precomputando métricas...
2025-10-22 21:14:33,031 - __main__ - INFO - ✅ Métricas (global, map) precomputadas
2025-10-22 21:14:33,045 - __main__ - INFO - ✅ Datos cargados: 322,339 registros
2025-10-22 21:14:33,100 - __main__ - INFO - ======================================================================
2025-10-22 21:14:33,101 - __main__ - INFO - 🚀 Iniciando COVID-19 Data API (Countries) v5.1.0 (development)
2025-10-22 21:14:33,101 - __main__ - INFO - ======================================================================
2025-10-22 21:14:33,101 - __main__ - INFO - ✅ Datos: 322,339 registros | 234 países | Rango: 2020-01-01 a 2023-10-24
2025-10-22 21:14:33,101 - __main__ - INFO - 💾 Memoria: 51.74 MB | ⚡ Cache: memory | 🔑 Auth: Disabled (dev)
2025-10-22 21:14:33,101 - __main__ - INFO - ======================================================================
2025-10-22 21:32:18,931 - __main__ - INFO - 🛑 Deteniendo API...
2025-10-22 21:35:20,212 - __main__ - INFO - ✅ Caché en memoria inicializado
2025-10-22 21:35:20,213 - __main__ - INFO - Cargando datos desde C:\Users\Usuario\Documents\proyecto_grdo_v2\data\processed_covid.csv.gz...
2025-10-22 21:35:20,964 - __main__ - INFO - Precomputando métricas...
2025-10-22 21:35:21,032 - __main__ - INFO - ✅ Métricas (global, map) precomputadas
2025-10-22 21:35:21,043 - __main__ - INFO - ✅ Datos cargados: 322,339 registros
2025-10-22 21:35:21,117 - __main__ - INFO - ======================================================================
2025-10-22 21:35:21,118 - __main__ - INFO - 🚀 Iniciando COVID-19 Data API (Countries) v5.1.0 (development)
2025-10-22 21:35:21,118 - __main__ - INFO - ======================================================================
2025-10-22 21:35:21,118 - __main__ - INFO - ✅ Datos: 322,339 registros | 234 países | Rango: 2020-01-01 a 2023-10-24
2025-10-22 21:35:21,119 - __main__ - INFO - 💾 Memoria: 51.74 MB | ⚡ Cache: memory | 🔑 Auth: Disabled (dev)
2025-10-22 21:35:21,119 - __main__ - INFO - ======================================================================
2025-10-22 22:23:42,905 - __main__ - INFO - ✅ Caché en memoria inicializado
2025-10-22 22:23:42,908 - __main__ - INFO - Cargando datos desde C:\Users\Usuario\Documents\proyecto_grdo_v2\data\processed_covid.csv.gz...
2025-10-22 22:23:43,611 - __main__ - INFO - Precomputando métricas...
2025-10-22 22:23:43,688 - __main__ - INFO - ✅ Métricas (global, map) precomputadas
2025-10-22 22:23:43,693 - __main__ - INFO - ✅ Datos cargados: 322,339 registros
2025-10-22 22:23:43,785 - __main__ - INFO - ======================================================================
2025-10-22 22:23:43,789 - __main__ - INFO - 🚀 Iniciando COVID-19 Data API (Countries) v5.1.0 (development)
2025-10-22 22:23:43,790 - __main__ - INFO - ======================================================================
2025-10-22 22:23:43,790 - __main__ - INFO - ✅ Datos: 322,339 registros | 234 países | Rango: 2020-01-01 a 2023-10-24
2025-10-22 22:23:43,791 - __main__ - INFO - 💾 Memoria: 51.74 MB | ⚡ Cache: memory | 🔑 Auth: Disabled (dev)
2025-10-22 22:23:43,791 - __main__ - INFO - ======================================================================
